<?xml version="1.0" encoding="UTF-8"?>
<!-- Generated by org.testng.reporters.JUnitReportReporter -->
<testsuite skipped="0" hostname="DESKTOP-S5GH85J" name="testcases.Sheet2_SizechartAvailable" tests="1" failures="0" timestamp="06 Nov 2019 03:21:05 GMT" time="79.834" errors="0">
  <testcase name="sizeChart" time="79.834" classname="testcases.Sheet2_SizechartAvailable"/>
</testsuite> <!-- testcases.Sheet2_SizechartAvailable -->
