<?xml version="1.0" encoding="UTF-8"?>
<!-- Generated by org.testng.reporters.JUnitReportReporter -->
<testsuite skipped="0" hostname="DESKTOP-S5GH85J" name="testcases.Sheet2_YouMayAlsoLikeTab" tests="1" failures="0" timestamp="06 Nov 2019 03:30:53 GMT" time="168.135" errors="0">
  <testcase name="youmayLike" time="168.135" classname="testcases.Sheet2_YouMayAlsoLikeTab"/>
</testsuite> <!-- testcases.Sheet2_YouMayAlsoLikeTab -->
