<?xml version="1.0" encoding="UTF-8"?>
<!-- Generated by org.testng.reporters.JUnitReportReporter -->
<testsuite skipped="0" hostname="DESKTOP-S5GH85J" name="testcases.Orders_old_flow" tests="1" failures="0" timestamp="21 May 2019 16:27:39 GMT" time="313.961" errors="0">
  <testcase name="orderswithLogin" time="313.961" classname="testcases.Orders_old_flow"/>
</testsuite> <!-- testcases.Orders_old_flow -->
