<?xml version="1.0" encoding="UTF-8"?>
<!-- Generated by org.testng.reporters.JUnitReportReporter -->
<testsuite skipped="0" hostname="DESKTOP-S5GH85J" name="testcases.Sheet2_FitFinder" tests="1" failures="0" timestamp="07 Dec 2019 08:03:42 GMT" time="280.835" errors="0">
  <testcase name="fit" time="280.835" classname="testcases.Sheet2_FitFinder"/>
</testsuite> <!-- testcases.Sheet2_FitFinder -->
