<?xml version="1.0" encoding="UTF-8"?>
<!-- Generated by org.testng.reporters.JUnitReportReporter -->
<testsuite skipped="0" hostname="DESKTOP-S5GH85J" name="testcases.Sheet2_Stores" tests="1" failures="0" timestamp="24 Jun 2019 19:04:43 GMT" time="65.081" errors="0">
  <testcase name="Stores" time="65.081" classname="testcases.Sheet2_Stores"/>
</testsuite> <!-- testcases.Sheet2_Stores -->
