<?xml version="1.0" encoding="UTF-8"?>
<!-- Generated by org.testng.reporters.JUnitReportReporter -->
<testsuite skipped="0" hostname="DESKTOP-S5GH85J" name="testcases.Sheet2_rrs_kids_guestcheckout" tests="1" failures="0" timestamp="07 Dec 2019 09:56:24 GMT" time="463.097" errors="0">
  <testcase name="orders" time="463.097" classname="testcases.Sheet2_rrs_kids_guestcheckout"/>
</testsuite> <!-- testcases.Sheet2_rrs_kids_guestcheckout -->
