<?xml version="1.0" encoding="UTF-8"?>
<!-- Generated by org.testng.reporters.JUnitReportReporter -->
<testsuite skipped="0" hostname="DESKTOP-S5GH85J" name="testcases.Sheet2_Orders_GuestFlow" tests="1" failures="0" timestamp="07 Dec 2019 09:10:47 GMT" time="228.663" errors="0">
  <testcase name="orders" time="228.663" classname="testcases.Sheet2_Orders_GuestFlow"/>
</testsuite> <!-- testcases.Sheet2_Orders_GuestFlow -->
