<?xml version="1.0" encoding="UTF-8"?>
<!-- Generated by org.testng.reporters.JUnitReportReporter -->
<testsuite skipped="0" hostname="DESKTOP-S5GH85J" name="testcases.VIPfamily" tests="1" failures="0" timestamp="14 Jan 2019 11:21:10 GMT" time="129.676" errors="0">
  <testcase name="vipfamilymember" time="129.676" classname="testcases.VIPfamily"/>
</testsuite> <!-- testcases.VIPfamily -->
