<?xml version="1.0" encoding="UTF-8"?>
<!-- Generated by org.testng.reporters.JUnitReportReporter -->
<testsuite skipped="0" hostname="DESKTOP-S5GH85J" name="testcases.Sheet2_LeftHandNavigation" tests="1" failures="0" timestamp="06 Nov 2019 02:49:24 GMT" time="60.070" errors="0">
  <testcase name="lefthandnavigation" time="60.070" classname="testcases.Sheet2_LeftHandNavigation"/>
</testsuite> <!-- testcases.Sheet2_LeftHandNavigation -->
