<?xml version="1.0" encoding="UTF-8"?>
<!-- Generated by org.testng.reporters.JUnitReportReporter -->
<testsuite skipped="0" hostname="DESKTOP-S5GH85J" name="testcases.Sheet2_PaywithGiftCard" tests="1" failures="0" timestamp="06 Feb 2019 18:18:30 GMT" time="217.538" errors="0">
  <testcase name="orderswithgiftcard" time="217.538" classname="testcases.Sheet2_PaywithGiftCard"/>
</testsuite> <!-- testcases.Sheet2_PaywithGiftCard -->
