<?xml version="1.0" encoding="UTF-8"?>
<!-- Generated by org.testng.reporters.JUnitReportReporter -->
<testsuite skipped="0" hostname="DESKTOP-S5GH85J" name="testcases.OutletFlow" tests="1" failures="0" timestamp="24 Jun 2019 17:45:26 GMT" time="200.134" errors="0">
  <testcase name="Outlet" time="200.134" classname="testcases.OutletFlow"/>
</testsuite> <!-- testcases.OutletFlow -->
