<?xml version="1.0" encoding="UTF-8"?>
<!-- Generated by org.testng.reporters.JUnitReportReporter -->
<testsuite skipped="0" hostname="DESKTOP-S5GH85J" name="testcases.Sheet2_EditingPageNumber" tests="1" failures="0" timestamp="06 Nov 2019 02:34:49 GMT" time="101.684" errors="0">
  <testcase name="EditingPageNumber" time="101.684" classname="testcases.Sheet2_EditingPageNumber"/>
</testsuite> <!-- testcases.Sheet2_EditingPageNumber -->
