<?xml version="1.0" encoding="UTF-8"?>
<!-- Generated by org.testng.reporters.JUnitReportReporter -->
<testsuite skipped="0" hostname="DESKTOP-S5GH85J" name="testcases.Sheet2_ClickingNextbutton" tests="1" failures="0" timestamp="06 Nov 2019 02:29:00 GMT" time="89.690" errors="0">
  <testcase name="nextButton" time="89.690" classname="testcases.Sheet2_ClickingNextbutton"/>
</testsuite> <!-- testcases.Sheet2_ClickingNextbutton -->
