<?xml version="1.0" encoding="UTF-8"?>
<!-- Generated by org.testng.reporters.JUnitReportReporter -->
<testsuite skipped="0" hostname="DESKTOP-S5GH85J" name="testcases.Sheet2_CouponCode" tests="1" failures="0" timestamp="06 Feb 2019 17:08:31 GMT" time="164.110" errors="0">
  <testcase name="verifycouponcode" time="164.110" classname="testcases.Sheet2_CouponCode"/>
</testsuite> <!-- testcases.Sheet2_CouponCode -->
