<?xml version="1.0" encoding="UTF-8"?>
<!-- Generated by org.testng.reporters.JUnitReportReporter -->
<testsuite skipped="0" hostname="DESKTOP-S5GH85J" name="testcases.Sheet2_SearchaModel" tests="1" failures="0" timestamp="06 Nov 2019 03:15:38 GMT" time="88.840" errors="0">
  <testcase name="seachaBrand" time="88.840" classname="testcases.Sheet2_SearchaModel"/>
</testsuite> <!-- testcases.Sheet2_SearchaModel -->
