<?xml version="1.0" encoding="UTF-8"?>
<!-- Generated by org.testng.reporters.JUnitReportReporter -->
<testsuite skipped="0" hostname="DESKTOP-S5GH85J" name="testcases.Sheet2_VisibilityofGetthisPriceLink" tests="1" failures="0" timestamp="06 Nov 2019 03:25:47 GMT" time="113.186" errors="0">
  <testcase name="getthisPrice" time="113.186" classname="testcases.Sheet2_VisibilityofGetthisPriceLink"/>
</testsuite> <!-- testcases.Sheet2_VisibilityofGetthisPriceLink -->
