<?xml version="1.0" encoding="UTF-8"?>
<!-- Generated by org.testng.reporters.JUnitReportReporter -->
<testsuite skipped="0" hostname="DESKTOP-S5GH85J" name="testcases.Sheet2_Incorrect_AddtoCart" tests="1" failures="0" timestamp="06 Aug 2019 18:56:14 GMT" time="342.196" errors="0">
  <testcase name="addtocartIncorrect" time="342.196" classname="testcases.Sheet2_Incorrect_AddtoCart"/>
</testsuite> <!-- testcases.Sheet2_Incorrect_AddtoCart -->
