<?xml version="1.0" encoding="UTF-8"?>
<!-- Generated by org.testng.reporters.JUnitReportReporter -->
<testsuite skipped="0" hostname="DESKTOP-S5GH85J" name="testcases.Sheet1_HeaderLinks" tests="1" failures="0" timestamp="07 Dec 2019 06:47:11 GMT" time="71.271" errors="0">
  <testcase name="headerlink" time="71.271" classname="testcases.Sheet1_HeaderLinks"/>
</testsuite> <!-- testcases.Sheet1_HeaderLinks -->
