<?xml version="1.0" encoding="UTF-8"?>
<!-- Generated by org.testng.reporters.JUnitReportReporter -->
<testsuite skipped="0" hostname="DESKTOP-S5GH85J" name="testcases.Sheet1_FooterLinks" tests="1" failures="0" timestamp="07 Dec 2019 06:47:13 GMT" time="54.862" errors="0">
  <testcase name="footerlinks" time="54.862" classname="testcases.Sheet1_FooterLinks"/>
</testsuite> <!-- testcases.Sheet1_FooterLinks -->
