<?xml version="1.0" encoding="UTF-8"?>
<!-- Generated by org.testng.reporters.JUnitReportReporter -->
<testsuite skipped="0" hostname="DESKTOP-S5GH85J" name="testcases.Sheet2_PLP_ClickingSortBy" tests="1" failures="0" timestamp="25 Dec 2018 16:33:53 GMT" time="111.294" errors="0">
  <testcase name="sortBy" time="111.294" classname="testcases.Sheet2_PLP_ClickingSortBy"/>
</testsuite> <!-- testcases.Sheet2_PLP_ClickingSortBy -->
