<?xml version="1.0" encoding="UTF-8"?>
<!-- Generated by org.testng.reporters.JUnitReportReporter -->
<testsuite skipped="0" hostname="DESKTOP-S5GH85J" name="testcases.Sheet1_Stores" tests="1" failures="0" timestamp="07 Jan 2019 16:08:27 GMT" time="54.074" errors="0">
  <testcase name="Stores" time="54.074" classname="testcases.Sheet1_Stores"/>
</testsuite> <!-- testcases.Sheet1_Stores -->
