<?xml version="1.0" encoding="UTF-8"?>
<!-- Generated by org.testng.reporters.JUnitReportReporter -->
<testsuite skipped="0" hostname="DESKTOP-S5GH85J" name="testcases.Catch" tests="1" failures="0" timestamp="19 Jan 2019 20:30:33 GMT" time="39.723" errors="0">
  <testcase name="orderswithLoginforkids" time="39.723" classname="testcases.Catch"/>
</testsuite> <!-- testcases.Catch -->
