<?xml version="1.0" encoding="UTF-8"?>
<!-- Generated by org.testng.reporters.JUnitReportReporter -->
<testsuite skipped="0" hostname="DESKTOP-S5GH85J" name="testcases.Sheet2_ClickaProduct" tests="1" failures="0" timestamp="16 Jun 2019 19:20:12 GMT" time="119.564" errors="0">
  <testcase name="clickaProduct" time="119.564" classname="testcases.Sheet2_ClickaProduct"/>
</testsuite> <!-- testcases.Sheet2_ClickaProduct -->
