<?xml version="1.0" encoding="UTF-8"?>
<!-- Generated by org.testng.reporters.JUnitReportReporter -->
<testsuite skipped="0" hostname="DESKTOP-S5GH85J" name="testcases.Sheet2_SearchaBrand" tests="1" failures="0" timestamp="06 Nov 2019 03:13:49 GMT" time="57.603" errors="0">
  <testcase name="seachaBrand" time="57.603" classname="testcases.Sheet2_SearchaBrand"/>
</testsuite> <!-- testcases.Sheet2_SearchaBrand -->
