<?xml version="1.0" encoding="UTF-8"?>
<!-- Generated by org.testng.reporters.JUnitReportReporter -->
<testsuite skipped="0" hostname="DESKTOP-S5GH85J" name="testcases.Sheet2_ClickingSortBy" tests="1" failures="0" timestamp="06 Nov 2019 02:31:04 GMT" time="106.191" errors="0">
  <testcase name="sortBy" time="106.191" classname="testcases.Sheet2_ClickingSortBy"/>
</testsuite> <!-- testcases.Sheet2_ClickingSortBy -->
