<?xml version="1.0" encoding="UTF-8"?>
<!-- Generated by org.testng.reporters.JUnitReportReporter -->
<testsuite skipped="0" hostname="DESKTOP-S5GH85J" name="testcases.Sheet2_SocialmediaLink" tests="1" failures="0" timestamp="06 Feb 2019 18:44:43 GMT" time="106.080" errors="0">
  <testcase name="facebookpage" time="106.080" classname="testcases.Sheet2_SocialmediaLink"/>
</testsuite> <!-- testcases.Sheet2_SocialmediaLink -->
