<?xml version="1.0" encoding="UTF-8"?>
<!-- Generated by org.testng.reporters.JUnitReportReporter -->
<testsuite skipped="0" hostname="DESKTOP-S5GH85J" name="testcases.FlyOutcart_click_checkout" tests="1" failures="0" timestamp="06 Nov 2019 03:35:14 GMT" time="123.613" errors="0">
  <testcase name="flyoutcart_checkout" time="123.613" classname="testcases.FlyOutcart_click_checkout"/>
</testsuite> <!-- testcases.FlyOutcart_click_checkout -->
