<?xml version="1.0" encoding="UTF-8"?>
<!-- Generated by org.testng.reporters.JUnitReportReporter -->
<testsuite skipped="0" hostname="DESKTOP-S5GH85J" name="testcases.Sheet2_Order_LoginFlow" tests="1" failures="0" timestamp="07 Dec 2019 08:43:14 GMT" time="294.786" errors="0">
  <testcase name="orderswithLogin" time="294.786" classname="testcases.Sheet2_Order_LoginFlow"/>
</testsuite> <!-- testcases.Sheet2_Order_LoginFlow -->
