<?xml version="1.0" encoding="UTF-8"?>
<!-- Generated by org.testng.reporters.JUnitReportReporter -->
<testsuite skipped="0" hostname="DESKTOP-S5GH85J" name="testcases.Sheet2_VerifyMSRPandVIPprice" tests="1" failures="0" timestamp="06 Nov 2019 03:23:23 GMT" time="108.346" errors="0">
  <testcase name="verifyprice" time="108.346" classname="testcases.Sheet2_VerifyMSRPandVIPprice"/>
</testsuite> <!-- testcases.Sheet2_VerifyMSRPandVIPprice -->
