<?xml version="1.0" encoding="UTF-8"?>
<!-- Generated by org.testng.reporters.JUnitReportReporter -->
<testsuite skipped="0" hostname="DESKTOP-S5GH85J" name="testcases.Sheet2_ChooseaColor" tests="1" failures="0" timestamp="06 Nov 2019 02:21:48 GMT" time="105.980" errors="0">
  <testcase name="choosecolor" time="105.980" classname="testcases.Sheet2_ChooseaColor"/>
</testsuite> <!-- testcases.Sheet2_ChooseaColor -->
