<?xml version="1.0" encoding="UTF-8"?>
<!-- Generated by org.testng.reporters.JUnitReportReporter -->
<testsuite skipped="0" hostname="DESKTOP-S5GH85J" name="testcases.Sheet2_Reviewstab" tests="1" failures="0" timestamp="06 Nov 2019 03:06:43 GMT" time="91.013" errors="0">
  <testcase name="reviews" time="91.013" classname="testcases.Sheet2_Reviewstab"/>
</testsuite> <!-- testcases.Sheet2_Reviewstab -->
