<?xml version="1.0" encoding="UTF-8"?>
<!-- Generated by org.testng.reporters.JUnitReportReporter -->
<testsuite skipped="0" hostname="DESKTOP-S5GH85J" name="testcases.Sheet2_VisibilityofItemID" tests="1" failures="0" timestamp="06 Nov 2019 03:27:46 GMT" time="97.157" errors="0">
  <testcase name="visibilityofItemID" time="97.157" classname="testcases.Sheet2_VisibilityofItemID"/>
</testsuite> <!-- testcases.Sheet2_VisibilityofItemID -->
