<?xml version="1.0" encoding="UTF-8"?>
<!-- Generated by org.testng.reporters.JUnitReportReporter -->
<testsuite skipped="0" hostname="DESKTOP-S5GH85J" name="testcases.Sheet2_Chooseasize" tests="1" failures="0" timestamp="06 Nov 2019 02:24:30 GMT" time="141.045" errors="0">
  <testcase name="choosesize" time="141.045" classname="testcases.Sheet2_Chooseasize"/>
</testsuite> <!-- testcases.Sheet2_Chooseasize -->
