<?xml version="1.0" encoding="UTF-8"?>
<!-- Generated by org.testng.reporters.JUnitReportReporter -->
<testsuite skipped="0" hostname="DESKTOP-S5GH85J" name="testcases.Sheet2_ClickingShopnowLink" tests="1" failures="0" timestamp="27 Jun 2019 17:36:02 GMT" time="84.108" errors="0">
  <testcase name="ClickShopNow" time="84.108" classname="testcases.Sheet2_ClickingShopnowLink"/>
</testsuite> <!-- testcases.Sheet2_ClickingShopnowLink -->
