<?xml version="1.0" encoding="UTF-8"?>
<!-- Generated by org.testng.reporters.JUnitReportReporter -->
<testsuite skipped="0" hostname="DESKTOP-S5GH85J" name="testcases.Sheet2_ChooseColorandtheVariantChanges" tests="1" failures="0" timestamp="06 Nov 2019 02:27:16 GMT" time="97.529" errors="0">
  <testcase name="chooseacolor" time="97.529" classname="testcases.Sheet2_ChooseColorandtheVariantChanges"/>
</testsuite> <!-- testcases.Sheet2_ChooseColorandtheVariantChanges -->
