<?xml version="1.0" encoding="UTF-8"?>
<!-- Generated by org.testng.reporters.JUnitReportReporter -->
<testsuite skipped="0" hostname="DESKTOP-S5GH85J" name="testcases.Sheet2_SearchWithInvalidKeyword" tests="1" failures="0" timestamp="06 Nov 2019 03:16:54 GMT" time="58.594" errors="0">
  <testcase name="seachaBrand" time="58.594" classname="testcases.Sheet2_SearchWithInvalidKeyword"/>
</testsuite> <!-- testcases.Sheet2_SearchWithInvalidKeyword -->
