<?xml version="1.0" encoding="UTF-8"?>
<!-- Generated by org.testng.reporters.JUnitReportReporter -->
<testsuite skipped="0" hostname="DESKTOP-S5GH85J" name="testcases.Sheet2_kids_PDPcases" tests="1" failures="0" timestamp="06 Nov 2019 02:39:50 GMT" time="140.452" errors="0">
  <testcase name="PDPkids" time="140.452" classname="testcases.Sheet2_kids_PDPcases"/>
</testsuite> <!-- testcases.Sheet2_kids_PDPcases -->
