<?xml version="1.0" encoding="UTF-8"?>
<!-- Generated by org.testng.reporters.JUnitReportReporter -->
<testsuite skipped="0" hostname="DESKTOP-S5GH85J" name="testcases.Sheet3_SmartGift_Errormessage_when_sizecolor_not_chosen" tests="1" failures="0" timestamp="24 Dec 2018 08:22:36 GMT" time="132.291" errors="0">
  <testcase name="gift" time="132.291" classname="testcases.Sheet3_SmartGift_Errormessage_when_sizecolor_not_chosen"/>
</testsuite> <!-- testcases.Sheet3_SmartGift_Errormessage_when_sizecolor_not_chosen -->
