<?xml version="1.0" encoding="UTF-8"?>
<!-- Generated by org.testng.reporters.JUnitReportReporter -->
<testsuite skipped="0" hostname="DESKTOP-S5GH85J" name="testcases.Sheet2_SearchwithKeyWords" tests="1" failures="0" timestamp="06 Nov 2019 03:19:20 GMT" time="77.747" errors="0">
  <testcase name="seachaBrand" time="77.747" classname="testcases.Sheet2_SearchwithKeyWords"/>
</testsuite> <!-- testcases.Sheet2_SearchwithKeyWords -->
