<?xml version="1.0" encoding="UTF-8"?>
<!-- Generated by org.testng.reporters.JUnitReportReporter -->
<testsuite skipped="0" hostname="DESKTOP-S5GH85J" name="testcases.Sheet2_Kids_PLPcases" tests="1" failures="0" timestamp="06 Nov 2019 02:42:22 GMT" time="130.328" errors="0">
  <testcase name="PLPkids" time="130.328" classname="testcases.Sheet2_Kids_PLPcases"/>
</testsuite> <!-- testcases.Sheet2_Kids_PLPcases -->
