<?xml version="1.0" encoding="UTF-8"?>
<!-- Generated by org.testng.reporters.JUnitReportReporter -->
<testsuite skipped="0" hostname="DESKTOP-S5GH85J" name="testcases.Sheet2_LoginFlow" tests="1" failures="0" timestamp="07 Dec 2019 06:47:08 GMT" time="137.319" errors="0">
  <testcase name="Login" time="137.319" classname="testcases.Sheet2_LoginFlow"/>
</testsuite> <!-- testcases.Sheet2_LoginFlow -->
