<?xml version="1.0" encoding="UTF-8"?>
<!-- Generated by org.testng.reporters.JUnitReportReporter -->
<testsuite skipped="0" hostname="DESKTOP-S5GH85J" name="testcases.Sheet2_kids_reviews" tests="1" failures="0" timestamp="06 Nov 2019 02:44:47 GMT" time="119.935" errors="0">
  <testcase name="kidsreview" time="119.935" classname="testcases.Sheet2_kids_reviews"/>
</testsuite> <!-- testcases.Sheet2_kids_reviews -->
