<?xml version="1.0" encoding="UTF-8"?>
<!-- Generated by org.testng.reporters.JUnitReportReporter -->
<testsuite skipped="0" hostname="DESKTOP-S5GH85J" name="testcases.Sheet2_RRS_Kids_order_Loginflow" tests="1" failures="0" timestamp="07 Dec 2019 09:30:45 GMT" time="259.306" errors="0">
  <testcase name="orderswithLoginforkids" time="259.306" classname="testcases.Sheet2_RRS_Kids_order_Loginflow"/>
</testsuite> <!-- testcases.Sheet2_RRS_Kids_order_Loginflow -->
