<?xml version="1.0" encoding="UTF-8"?>
<!-- Generated by org.testng.reporters.JUnitReportReporter -->
<testsuite skipped="0" hostname="DESKTOP-S5GH85J" name="testcases.Flyout_cart" tests="1" failures="0" timestamp="06 Nov 2019 03:32:50 GMT" time="96.570" errors="0">
  <testcase name="flyoutcart" time="96.570" classname="testcases.Flyout_cart"/>
</testsuite> <!-- testcases.Flyout_cart -->
