<?xml version="1.0" encoding="UTF-8"?>
<!-- Generated by org.testng.reporters.JUnitReportReporter -->
<testsuite skipped="0" hostname="DESKTOP-S5GH85J" name="testcases.Sheet2_CreateanAccount" tests="1" failures="0" timestamp="07 Dec 2019 06:47:11 GMT" time="72.360" errors="0">
  <testcase name="createanAccount" time="72.360" classname="testcases.Sheet2_CreateanAccount"/>
</testsuite> <!-- testcases.Sheet2_CreateanAccount -->
