<?xml version="1.0" encoding="UTF-8"?>
<!-- Generated by org.testng.reporters.JUnitReportReporter -->
<testsuite skipped="0" hostname="DESKTOP-S5GH85J" name="testcases.PaywithGiftCard" tests="1" failures="0" timestamp="25 Dec 2018 18:12:56 GMT" time="125.726" errors="0">
  <testcase name="orderswithgiftcard" time="125.726" classname="testcases.PaywithGiftCard"/>
</testsuite> <!-- testcases.PaywithGiftCard -->
