<?xml version="1.0" encoding="UTF-8"?>
<!-- Generated by org.testng.reporters.JUnitReportReporter -->
<testsuite skipped="0" hostname="DESKTOP-S5GH85J" name="testcases.Sheet2_QuantityDropdown" tests="1" failures="0" timestamp="06 Nov 2019 03:04:43 GMT" time="140.781" errors="0">
  <testcase name="quantitydropdown" time="140.781" classname="testcases.Sheet2_QuantityDropdown"/>
</testsuite> <!-- testcases.Sheet2_QuantityDropdown -->
