<?xml version="1.0" encoding="UTF-8"?>
<!-- Generated by org.testng.reporters.JUnitReportReporter -->
<testsuite skipped="0" hostname="DESKTOP-S5GH85J" name="testcases.Sheet2_AddtoCart" tests="1" failures="0" timestamp="06 Nov 2019 02:19:40 GMT" time="166.588" errors="0">
  <testcase name="addtocart" time="166.588" classname="testcases.Sheet2_AddtoCart"/>
</testsuite> <!-- testcases.Sheet2_AddtoCart -->
