<?xml version="1.0" encoding="UTF-8"?>
<!-- Generated by org.testng.reporters.JUnitReportReporter -->
<testsuite skipped="0" hostname="DESKTOP-S5GH85J" name="testcases.Sheet3_VerifySmartGiftOption" tests="1" failures="0" timestamp="24 Dec 2018 07:57:09 GMT" time="153.963" errors="0">
  <testcase name="smartGift" time="153.963" classname="testcases.Sheet3_VerifySmartGiftOption"/>
</testsuite> <!-- testcases.Sheet3_VerifySmartGiftOption -->
