<?xml version="1.0" encoding="UTF-8"?>
<!-- Generated by org.testng.reporters.JUnitReportReporter -->
<testsuite skipped="0" hostname="DESKTOP-S5GH85J" name="testcases.Sheet2_Logout" tests="1" failures="0" timestamp="07 Dec 2019 06:47:08 GMT" time="93.161" errors="0">
  <testcase name="Loggingout" time="93.161" classname="testcases.Sheet2_Logout"/>
</testsuite> <!-- testcases.Sheet2_Logout -->
